2026-05-23 16:53:51,322 [WARNING] discord.state: Guilds intent seems to be disabled. This may cause state related issues.
2026-05-23 16:53:51,322 [WARNING] discord.client: PyNaCl is not installed, voice will NOT be supported
2026-05-23 16:53:51,322 [WARNING] discord.client: davey is not installed, voice will NOT be supported
[2026-05-23 16:53:51] [INFO    ] discord.client: logging in using static token
2026-05-23 16:53:51,323 [INFO] discord.client: logging in using static token
[2026-05-23 16:53:52] [INFO    ] discord.gateway: Shard ID None has connected to Gateway (Session ID: 1002f908077af12e19d953f247027a02).
2026-05-23 16:53:52,689 [INFO] discord.gateway: Shard ID None has connected to Gateway (Session ID: 1002f908077af12e19d953f247027a02).
2026-05-23 16:54:02,210 [INFO] root: Scraper loop started.
2026-05-23 16:54:02,210 [INFO] root: Scraping 32267141...
2026-05-23 16:54:02,224 [INFO] root: Finished scraping 32267141.
2026-05-23 16:54:12,231 [INFO] root: Scraping 28630035...
2026-05-23 16:54:12,298 [INFO] root: Finished scraping 28630035.
2026-05-23 16:54:22,308 [INFO] root: Scraping 59662524...
2026-05-23 16:54:22,368 [INFO] root: Finished scraping 59662524.
2026-05-23 16:54:32,378 [INFO] root: Scraping 54185648...
2026-05-23 16:54:32,442 [INFO] root: Finished scraping 54185648.
2026-05-23 16:54:42,451 [INFO] root: Scraping 59874367...
2026-05-23 16:54:42,525 [INFO] root: Finished scraping 59874367.
2026-05-23 16:54:52,535 [INFO] root: Scraping 54185676...
2026-05-23 16:54:52,614 [INFO] root: Finished scraping 54185676.
2026-05-23 16:55:02,625 [INFO] root: Scraping 32267141...
2026-05-23 16:55:02,687 [INFO] root: Finished scraping 32267141.
2026-05-23 16:55:12,697 [INFO] root: Scraping 28630035...
2026-05-23 16:55:12,760 [INFO] root: Finished scraping 28630035.
2026-05-23 16:55:22,767 [INFO] root: Scraping 59662524...
2026-05-23 16:55:22,781 [INFO] root: Finished scraping 59662524.
2026-05-23 16:55:32,791 [INFO] root: Scraping 54185648...
2026-05-23 16:55:32,805 [INFO] root: Finished scraping 54185648.
2026-05-23 16:55:42,816 [INFO] root: Scraping 59874367...
2026-05-23 16:55:42,827 [INFO] root: Finished scraping 59874367.
2026-05-23 16:55:52,838 [INFO] root: Scraping 54185676...
2026-05-23 16:55:52,851 [INFO] root: Finished scraping 54185676.
2026-05-23 16:56:02,858 [INFO] root: Scraping 32267141...
2026-05-23 16:56:02,871 [INFO] root: Finished scraping 32267141.
2026-05-23 16:56:12,880 [INFO] root: Scraping 28630035...
2026-05-23 16:56:12,894 [INFO] root: Finished scraping 28630035.
2026-05-23 16:56:22,905 [INFO] root: Scraping 59662524...
2026-05-23 16:56:22,918 [INFO] root: Finished scraping 59662524.
2026-05-23 16:56:32,928 [INFO] root: Scraping 54185648...
2026-05-23 16:56:32,940 [INFO] root: Finished scraping 54185648.
2026-05-23 16:56:42,947 [INFO] root: Scraping 59874367...
2026-05-23 16:56:42,960 [INFO] root: Finished scraping 59874367.
2026-05-23 16:56:52,971 [INFO] root: Scraping 54185676...
2026-05-23 16:56:52,993 [INFO] root: Finished scraping 54185676.
2026-05-23 16:57:03,003 [INFO] root: Scraping 32267141...
2026-05-23 16:57:03,016 [INFO] root: Finished scraping 32267141.
2026-05-23 16:57:13,029 [INFO] root: Scraping 28630035...
2026-05-23 16:57:13,044 [INFO] root: Finished scraping 28630035.
2026-05-23 16:57:23,048 [INFO] root: Scraping 59662524...
2026-05-23 16:57:23,060 [INFO] root: Finished scraping 59662524.
2026-05-23 16:57:33,071 [INFO] root: Scraping 54185648...
2026-05-23 16:57:33,083 [INFO] root: Finished scraping 54185648.
2026-05-23 16:57:43,094 [INFO] root: Scraping 59874367...
2026-05-23 16:57:43,108 [INFO] root: Finished scraping 59874367.
2026-05-23 16:57:53,118 [INFO] root: Scraping 54185676...
2026-05-23 16:57:53,131 [INFO] root: Finished scraping 54185676.
2026-05-23 16:58:03,135 [INFO] root: Scraping 32267141...
2026-05-23 16:58:03,147 [INFO] root: Finished scraping 32267141.
2026-05-23 16:58:13,157 [INFO] root: Scraping 28630035...
2026-05-23 16:58:13,170 [INFO] root: Finished scraping 28630035.
2026-05-23 16:58:23,179 [INFO] root: Scraping 59662524...
2026-05-23 16:58:23,191 [INFO] root: Finished scraping 59662524.
2026-05-23 16:58:33,195 [INFO] root: Scraping 54185648...
2026-05-23 16:58:33,207 [INFO] root: Finished scraping 54185648.
2026-05-23 16:58:43,210 [INFO] root: Scraping 59874367...
2026-05-23 16:58:43,223 [INFO] root: Finished scraping 59874367.
2026-05-23 16:58:53,225 [INFO] root: Scraping 54185676...
2026-05-23 16:58:53,237 [INFO] root: Finished scraping 54185676.
2026-05-23 16:59:03,247 [INFO] root: Scraping 32267141...
2026-05-23 16:59:03,259 [INFO] root: Finished scraping 32267141.
2026-05-23 16:59:13,262 [INFO] root: Scraping 28630035...
2026-05-23 16:59:13,275 [INFO] root: Finished scraping 28630035.
2026-05-23 16:59:23,277 [INFO] root: Scraping 59662524...
2026-05-23 16:59:23,292 [INFO] root: Finished scraping 59662524.
2026-05-23 16:59:33,302 [INFO] root: Scraping 54185648...
2026-05-23 16:59:33,315 [INFO] root: Finished scraping 54185648.
2026-05-23 16:59:43,325 [INFO] root: Scraping 59874367...
2026-05-23 16:59:43,338 [INFO] root: Finished scraping 59874367.
2026-05-23 16:59:53,349 [INFO] root: Scraping 54185676...
2026-05-23 16:59:53,365 [INFO] root: Finished scraping 54185676.
2026-05-23 17:00:03,375 [INFO] root: Scraping 32267141...
2026-05-23 17:00:03,390 [INFO] root: Finished scraping 32267141.
2026-05-23 17:00:13,400 [INFO] root: Scraping 28630035...
2026-05-23 17:00:13,420 [INFO] root: Finished scraping 28630035.
2026-05-23 17:00:23,431 [INFO] root: Scraping 59662524...
2026-05-23 17:00:23,447 [INFO] root: Finished scraping 59662524.
2026-05-23 17:00:33,457 [INFO] root: Scraping 54185648...
2026-05-23 17:00:33,475 [INFO] root: Finished scraping 54185648.
2026-05-23 17:00:43,485 [INFO] root: Scraping 59874367...
2026-05-23 17:00:43,545 [INFO] root: Finished scraping 59874367.
2026-05-23 17:00:53,556 [INFO] root: Scraping 54185676...
2026-05-23 17:00:53,619 [INFO] root: Finished scraping 54185676.
2026-05-23 17:01:03,630 [INFO] root: Scraping 32267141...
2026-05-23 17:01:03,693 [INFO] root: Finished scraping 32267141.
2026-05-23 17:01:13,701 [INFO] root: Scraping 28630035...
2026-05-23 17:01:13,764 [INFO] root: Finished scraping 28630035.
2026-05-23 17:01:23,774 [INFO] root: Scraping 59662524...
2026-05-23 17:01:23,839 [INFO] root: Finished scraping 59662524.
2026-05-23 17:01:33,841 [INFO] root: Scraping 54185648...
2026-05-23 17:01:33,899 [INFO] root: Finished scraping 54185648.
2026-05-23 17:01:43,910 [INFO] root: Scraping 59874367...
2026-05-23 17:01:43,989 [INFO] root: Finished scraping 59874367.
2026-05-23 17:01:53,999 [INFO] root: Scraping 54185676...
2026-05-23 17:01:54,012 [INFO] root: Finished scraping 54185676.
2026-05-23 17:02:04,023 [INFO] root: Scraping 32267141...
2026-05-23 17:02:04,034 [INFO] root: Finished scraping 32267141.
2026-05-23 17:02:14,042 [INFO] root: Scraping 28630035...
2026-05-23 17:02:14,056 [INFO] root: Finished scraping 28630035.
2026-05-23 17:02:24,063 [INFO] root: Scraping 59662524...
2026-05-23 17:02:24,076 [INFO] root: Finished scraping 59662524.
2026-05-23 17:02:34,086 [INFO] root: Scraping 54185648...
2026-05-23 17:02:34,098 [INFO] root: Finished scraping 54185648.
2026-05-23 17:02:44,108 [INFO] root: Scraping 59874367...
2026-05-23 17:02:44,121 [INFO] root: Finished scraping 59874367.
2026-05-23 17:02:54,127 [INFO] root: Scraping 54185676...
2026-05-23 17:02:54,141 [INFO] root: Finished scraping 54185676.
2026-05-23 17:03:04,151 [INFO] root: Scraping 32267141...
2026-05-23 17:03:04,165 [INFO] root: Finished scraping 32267141.
2026-05-23 17:03:14,175 [INFO] root: Scraping 28630035...
2026-05-23 17:03:14,188 [INFO] root: Finished scraping 28630035.
2026-05-23 17:03:24,199 [INFO] root: Scraping 59662524...
2026-05-23 17:03:24,211 [INFO] root: Finished scraping 59662524.
2026-05-23 17:03:34,218 [INFO] root: Scraping 54185648...
2026-05-23 17:03:34,230 [INFO] root: Finished scraping 54185648.
2026-05-23 17:03:44,234 [INFO] root: Scraping 59874367...
2026-05-23 17:03:44,245 [INFO] root: Finished scraping 59874367.
2026-05-23 17:03:54,255 [INFO] root: Scraping 54185676...
2026-05-23 17:03:54,269 [INFO] root: Finished scraping 54185676.
2026-05-23 17:04:04,279 [INFO] root: Scraping 32267141...
2026-05-23 17:04:04,292 [INFO] root: Finished scraping 32267141.
2026-05-23 17:04:14,294 [INFO] root: Scraping 28630035...
2026-05-23 17:04:14,311 [INFO] root: Finished scraping 28630035.
2026-05-23 17:04:24,322 [INFO] root: Scraping 59662524...
2026-05-23 17:04:24,334 [INFO] root: Finished scraping 59662524.
2026-05-23 17:04:34,341 [INFO] root: Scraping 54185648...
2026-05-23 17:04:34,353 [INFO] root: Finished scraping 54185648.
2026-05-23 17:04:44,358 [INFO] root: Scraping 59874367...
2026-05-23 17:04:44,369 [INFO] root: Finished scraping 59874367.
2026-05-23 17:04:54,372 [INFO] root: Scraping 54185676...
2026-05-23 17:04:54,386 [INFO] root: Finished scraping 54185676.
2026-05-23 17:05:04,397 [INFO] root: Scraping 32267141...
2026-05-23 17:05:04,409 [INFO] root: Finished scraping 32267141.
2026-05-23 17:05:14,419 [INFO] root: Scraping 28630035...
2026-05-23 17:05:14,431 [INFO] root: Finished scraping 28630035.
2026-05-23 17:05:24,439 [INFO] root: Scraping 59662524...
2026-05-23 17:05:24,452 [INFO] root: Finished scraping 59662524.
2026-05-23 17:05:34,454 [INFO] root: Scraping 54185648...
2026-05-23 17:05:34,467 [INFO] root: Finished scraping 54185648.
2026-05-23 17:05:44,478 [INFO] root: Scraping 59874367...
2026-05-23 17:05:44,489 [INFO] root: Finished scraping 59874367.
2026-05-23 17:05:54,499 [INFO] root: Scraping 54185676...
2026-05-23 17:05:54,512 [INFO] root: Finished scraping 54185676.
2026-05-23 17:06:04,518 [INFO] root: Scraping 32267141...
2026-05-23 17:06:04,531 [INFO] root: Finished scraping 32267141.
2026-05-23 17:06:14,541 [INFO] root: Scraping 28630035...
2026-05-23 17:06:14,554 [INFO] root: Finished scraping 28630035.
2026-05-23 17:06:24,565 [INFO] root: Scraping 59662524...
2026-05-23 17:06:24,578 [INFO] root: Finished scraping 59662524.
2026-05-23 17:06:34,588 [INFO] root: Scraping 54185648...
2026-05-23 17:06:34,600 [INFO] root: Finished scraping 54185648.
2026-05-23 17:06:44,611 [INFO] root: Scraping 59874367...
2026-05-23 17:06:44,626 [INFO] root: Finished scraping 59874367.
2026-05-23 17:06:54,637 [INFO] root: Scraping 54185676...
2026-05-23 17:06:54,649 [INFO] root: Finished scraping 54185676.
2026-05-23 17:07:04,658 [INFO] root: Scraping 32267141...
2026-05-23 17:07:04,671 [INFO] root: Finished scraping 32267141.
2026-05-23 17:07:14,680 [INFO] root: Scraping 28630035...
2026-05-23 17:07:14,692 [INFO] root: Finished scraping 28630035.
2026-05-23 17:07:24,702 [INFO] root: Scraping 59662524...
2026-05-23 17:07:24,716 [INFO] root: Finished scraping 59662524.
2026-05-23 17:07:34,727 [INFO] root: Scraping 54185648...
2026-05-23 17:07:34,741 [INFO] root: Finished scraping 54185648.
2026-05-23 17:07:44,750 [INFO] root: Scraping 59874367...
2026-05-23 17:07:44,764 [INFO] root: Finished scraping 59874367.
2026-05-23 17:07:54,775 [INFO] root: Scraping 54185676...
2026-05-23 17:07:54,786 [INFO] root: Finished scraping 54185676.
2026-05-23 17:08:04,797 [INFO] root: Scraping 32267141...
2026-05-23 17:08:04,810 [INFO] root: Finished scraping 32267141.
2026-05-23 17:08:14,821 [INFO] root: Scraping 28630035...
2026-05-23 17:08:14,833 [INFO] root: Finished scraping 28630035.
2026-05-23 17:08:24,841 [INFO] root: Scraping 59662524...
2026-05-23 17:08:24,853 [INFO] root: Finished scraping 59662524.
2026-05-23 17:08:34,863 [INFO] root: Scraping 54185648...
2026-05-23 17:08:34,919 [INFO] root: Finished scraping 54185648.
2026-05-23 17:08:44,926 [INFO] root: Scraping 59874367...
2026-05-23 17:08:44,994 [INFO] root: Finished scraping 59874367.
2026-05-23 17:08:55,003 [INFO] root: Scraping 54185676...
2026-05-23 17:08:55,057 [INFO] root: Finished scraping 54185676.
2026-05-23 17:09:05,063 [INFO] root: Scraping 32267141...
2026-05-23 17:09:05,123 [INFO] root: Finished scraping 32267141.
2026-05-23 17:09:15,133 [INFO] root: Scraping 28630035...
2026-05-23 17:09:15,187 [INFO] root: Finished scraping 28630035.
2026-05-23 17:09:25,198 [INFO] root: Scraping 59662524...
2026-05-23 17:09:25,256 [INFO] root: Finished scraping 59662524.
2026-05-23 17:09:35,266 [INFO] root: Scraping 54185648...
2026-05-23 17:09:35,325 [INFO] root: Finished scraping 54185648.
2026-05-23 17:09:45,330 [INFO] root: Scraping 59874367...
2026-05-23 17:09:45,343 [INFO] root: Finished scraping 59874367.
2026-05-23 17:09:55,354 [INFO] root: Scraping 54185676...
2026-05-23 17:09:55,368 [INFO] root: Finished scraping 54185676.
2026-05-23 17:10:05,377 [INFO] root: Scraping 32267141...
2026-05-23 17:10:05,390 [INFO] root: Finished scraping 32267141.
2026-05-23 17:10:15,400 [INFO] root: Scraping 28630035...
2026-05-23 17:10:15,413 [INFO] root: Finished scraping 28630035.
2026-05-23 17:10:25,417 [INFO] root: Scraping 59662524...
2026-05-23 17:10:25,430 [INFO] root: Finished scraping 59662524.
2026-05-23 17:10:35,439 [INFO] root: Scraping 54185648...
2026-05-23 17:10:35,455 [INFO] root: Finished scraping 54185648.
2026-05-23 17:10:45,465 [INFO] root: Scraping 59874367...
2026-05-23 17:10:45,478 [INFO] root: Finished scraping 59874367.
2026-05-23 17:10:55,488 [INFO] root: Scraping 54185676...
2026-05-23 17:10:55,502 [INFO] root: Finished scraping 54185676.
2026-05-23 17:11:05,505 [INFO] root: Scraping 32267141...
2026-05-23 17:11:05,520 [INFO] root: Finished scraping 32267141.
2026-05-23 17:11:15,530 [INFO] root: Scraping 28630035...
2026-05-23 17:11:15,543 [INFO] root: Finished scraping 28630035.
2026-05-23 17:11:25,554 [INFO] root: Scraping 59662524...
2026-05-23 17:11:25,566 [INFO] root: Finished scraping 59662524.
2026-05-23 17:11:35,577 [INFO] root: Scraping 54185648...
2026-05-23 17:11:35,588 [INFO] root: Finished scraping 54185648.
2026-05-23 17:11:45,590 [INFO] root: Scraping 59874367...
2026-05-23 17:11:45,601 [INFO] root: Finished scraping 59874367.
2026-05-23 17:11:55,612 [INFO] root: Scraping 54185676...
2026-05-23 17:11:55,625 [INFO] root: Finished scraping 54185676.
2026-05-23 17:12:05,636 [INFO] root: Scraping 32267141...
2026-05-23 17:12:05,648 [INFO] root: Finished scraping 32267141.
2026-05-23 17:12:15,658 [INFO] root: Scraping 28630035...
2026-05-23 17:12:15,671 [INFO] root: Finished scraping 28630035.
2026-05-23 17:12:25,682 [INFO] root: Scraping 59662524...
2026-05-23 17:12:25,694 [INFO] root: Finished scraping 59662524.
2026-05-23 17:12:35,703 [INFO] root: Scraping 54185648...
2026-05-23 17:12:35,715 [INFO] root: Finished scraping 54185648.
2026-05-23 17:12:45,726 [INFO] root: Scraping 59874367...
2026-05-23 17:12:45,740 [INFO] root: Finished scraping 59874367.
2026-05-23 17:12:55,751 [INFO] root: Scraping 54185676...
2026-05-23 17:12:55,764 [INFO] root: Finished scraping 54185676.
2026-05-23 17:13:05,770 [INFO] root: Scraping 32267141...
2026-05-23 17:13:05,789 [INFO] root: Finished scraping 32267141.
2026-05-23 17:13:15,800 [INFO] root: Scraping 28630035...
2026-05-23 17:13:15,812 [INFO] root: Finished scraping 28630035.
2026-05-23 17:13:25,823 [INFO] root: Scraping 59662524...
2026-05-23 17:13:25,835 [INFO] root: Finished scraping 59662524.
2026-05-23 17:13:35,845 [INFO] root: Scraping 54185648...
2026-05-23 17:13:35,857 [INFO] root: Finished scraping 54185648.
2026-05-23 17:13:45,868 [INFO] root: Scraping 59874367...
2026-05-23 17:13:45,880 [INFO] root: Finished scraping 59874367.
2026-05-23 17:13:55,888 [INFO] root: Scraping 54185676...
2026-05-23 17:13:55,901 [INFO] root: Finished scraping 54185676.
2026-05-23 17:14:05,912 [INFO] root: Scraping 32267141...
2026-05-23 17:14:05,924 [INFO] root: Finished scraping 32267141.
2026-05-23 17:14:15,935 [INFO] root: Scraping 28630035...
2026-05-23 17:14:15,947 [INFO] root: Finished scraping 28630035.
2026-05-23 17:14:25,958 [INFO] root: Scraping 59662524...
2026-05-23 17:14:25,971 [INFO] root: Finished scraping 59662524.
2026-05-23 17:14:35,978 [INFO] root: Scraping 54185648...
2026-05-23 17:14:35,990 [INFO] root: Finished scraping 54185648.
2026-05-23 17:14:46,000 [INFO] root: Scraping 59874367...
2026-05-23 17:14:46,012 [INFO] root: Finished scraping 59874367.
2026-05-23 17:14:56,023 [INFO] root: Scraping 54185676...
2026-05-23 17:14:56,035 [INFO] root: Finished scraping 54185676.
2026-05-23 17:15:06,045 [INFO] root: Scraping 32267141...
2026-05-23 17:15:06,060 [INFO] root: Finished scraping 32267141.
2026-05-23 17:15:16,062 [INFO] root: Scraping 28630035...
2026-05-23 17:15:16,077 [INFO] root: Finished scraping 28630035.
2026-05-23 17:15:26,086 [INFO] root: Scraping 59662524...
2026-05-23 17:15:26,099 [INFO] root: Finished scraping 59662524.
2026-05-23 17:15:36,109 [INFO] root: Scraping 54185648...
2026-05-23 17:15:36,121 [INFO] root: Finished scraping 54185648.
2026-05-23 17:15:46,131 [INFO] root: Scraping 59874367...
2026-05-23 17:15:46,143 [INFO] root: Finished scraping 59874367.
2026-05-23 17:15:56,148 [INFO] root: Scraping 54185676...
2026-05-23 17:15:56,160 [INFO] root: Finished scraping 54185676.
2026-05-23 17:16:06,170 [INFO] root: Scraping 32267141...
2026-05-23 17:16:06,184 [INFO] root: Finished scraping 32267141.
2026-05-23 17:16:16,195 [INFO] root: Scraping 28630035...
2026-05-23 17:16:16,209 [INFO] root: Finished scraping 28630035.
2026-05-23 17:16:26,219 [INFO] root: Scraping 59662524...
2026-05-23 17:16:26,232 [INFO] root: Finished scraping 59662524.
2026-05-23 17:16:36,236 [INFO] root: Scraping 54185648...
2026-05-23 17:16:36,249 [INFO] root: Finished scraping 54185648.
2026-05-23 17:16:46,260 [INFO] root: Scraping 59874367...
2026-05-23 17:16:46,272 [INFO] root: Finished scraping 59874367.
2026-05-23 17:16:56,283 [INFO] root: Scraping 54185676...
2026-05-23 17:16:56,297 [INFO] root: Finished scraping 54185676.
2026-05-23 17:17:06,308 [INFO] root: Scraping 32267141...
2026-05-23 17:17:06,320 [INFO] root: Finished scraping 32267141.
2026-05-23 17:17:16,323 [INFO] root: Scraping 28630035...
2026-05-23 17:17:16,336 [INFO] root: Finished scraping 28630035.
2026-05-23 17:17:26,345 [INFO] root: Scraping 59662524...
2026-05-23 17:17:26,358 [INFO] root: Finished scraping 59662524.
2026-05-23 17:17:36,368 [INFO] root: Scraping 54185648...
2026-05-23 17:17:36,381 [INFO] root: Finished scraping 54185648.
2026-05-23 17:17:46,391 [INFO] root: Scraping 59874367...
2026-05-23 17:17:46,405 [INFO] root: Finished scraping 59874367.
2026-05-23 17:17:56,407 [INFO] root: Scraping 54185676...
2026-05-23 17:17:56,419 [INFO] root: Finished scraping 54185676.
2026-05-23 17:18:06,430 [INFO] root: Scraping 32267141...
2026-05-23 17:18:06,442 [INFO] root: Finished scraping 32267141.
2026-05-23 17:18:16,452 [INFO] root: Scraping 28630035...
2026-05-23 17:18:16,465 [INFO] root: Finished scraping 28630035.
2026-05-23 17:18:26,475 [INFO] root: Scraping 59662524...
2026-05-23 17:18:26,491 [INFO] root: Finished scraping 59662524.
2026-05-23 17:18:36,502 [INFO] root: Scraping 54185648...
2026-05-23 17:18:36,541 [INFO] root: Finished scraping 54185648.
2026-05-23 17:18:46,550 [INFO] root: Scraping 59874367...
2026-05-23 17:18:46,589 [INFO] root: Finished scraping 59874367.
2026-05-23 17:18:56,595 [INFO] root: Scraping 54185676...
2026-05-23 17:18:56,619 [INFO] root: Finished scraping 54185676.
2026-05-23 17:19:06,621 [INFO] root: Scraping 32267141...
2026-05-23 17:19:06,686 [INFO] root: Finished scraping 32267141.
2026-05-23 17:19:16,697 [INFO] root: Scraping 28630035...
2026-05-23 17:19:16,758 [INFO] root: Finished scraping 28630035.
2026-05-23 17:19:26,766 [INFO] root: Scraping 59662524...
2026-05-23 17:19:26,834 [INFO] root: Finished scraping 59662524.
2026-05-23 17:19:36,844 [INFO] root: Scraping 54185648...
2026-05-23 17:19:36,906 [INFO] root: Finished scraping 54185648.
2026-05-23 17:19:46,916 [INFO] root: Scraping 59874367...
2026-05-23 17:19:46,972 [INFO] root: Finished scraping 59874367.
2026-05-23 17:19:56,982 [INFO] root: Scraping 54185676...
2026-05-23 17:19:57,052 [INFO] root: Finished scraping 54185676.
2026-05-23 17:20:07,060 [INFO] root: Scraping 32267141...
2026-05-23 17:20:07,073 [INFO] root: Finished scraping 32267141.
2026-05-23 17:20:17,078 [INFO] root: Scraping 28630035...
2026-05-23 17:20:17,091 [INFO] root: Finished scraping 28630035.
2026-05-23 17:20:27,100 [INFO] root: Scraping 59662524...
2026-05-23 17:20:27,113 [INFO] root: Finished scraping 59662524.
2026-05-23 17:20:37,123 [INFO] root: Scraping 54185648...
2026-05-23 17:20:37,135 [INFO] root: Finished scraping 54185648.
2026-05-23 17:20:47,142 [INFO] root: Scraping 59874367...
2026-05-23 17:20:47,154 [INFO] root: Finished scraping 59874367.
2026-05-23 17:20:57,164 [INFO] root: Scraping 54185676...
2026-05-23 17:20:57,178 [INFO] root: Finished scraping 54185676.
2026-05-23 17:21:07,185 [INFO] root: Scraping 32267141...
2026-05-23 17:21:07,198 [INFO] root: Finished scraping 32267141.
2026-05-23 17:21:17,202 [INFO] root: Scraping 28630035...
2026-05-23 17:21:17,214 [INFO] root: Finished scraping 28630035.
2026-05-23 17:21:27,220 [INFO] root: Scraping 59662524...
2026-05-23 17:21:27,232 [INFO] root: Finished scraping 59662524.
2026-05-23 17:21:37,242 [INFO] root: Scraping 54185648...
2026-05-23 17:21:37,254 [INFO] root: Finished scraping 54185648.
2026-05-23 17:21:47,265 [INFO] root: Scraping 59874367...
2026-05-23 17:21:47,278 [INFO] root: Finished scraping 59874367.
2026-05-23 17:21:57,289 [INFO] root: Scraping 54185676...
2026-05-23 17:21:57,303 [INFO] root: Finished scraping 54185676.
2026-05-23 17:22:07,307 [INFO] root: Scraping 32267141...
2026-05-23 17:22:07,320 [INFO] root: Finished scraping 32267141.
2026-05-23 17:22:17,330 [INFO] root: Scraping 28630035...
2026-05-23 17:22:17,342 [INFO] root: Finished scraping 28630035.
2026-05-23 17:22:27,353 [INFO] root: Scraping 59662524...
2026-05-23 17:22:27,365 [INFO] root: Finished scraping 59662524.
2026-05-23 17:22:37,375 [INFO] root: Scraping 54185648...
2026-05-23 17:22:37,387 [INFO] root: Finished scraping 54185648.
2026-05-23 17:22:47,391 [INFO] root: Scraping 59874367...
2026-05-23 17:22:47,405 [INFO] root: Finished scraping 59874367.
2026-05-23 17:22:57,415 [INFO] root: Scraping 54185676...
2026-05-23 17:22:57,428 [INFO] root: Finished scraping 54185676.
2026-05-23 17:23:07,437 [INFO] root: Scraping 32267141...
2026-05-23 17:23:07,450 [INFO] root: Finished scraping 32267141.
2026-05-23 17:23:17,460 [INFO] root: Scraping 28630035...
2026-05-23 17:23:17,473 [INFO] root: Finished scraping 28630035.
2026-05-23 17:23:27,475 [INFO] root: Scraping 59662524...
2026-05-23 17:23:27,489 [INFO] root: Finished scraping 59662524.
2026-05-23 17:23:37,499 [INFO] root: Scraping 54185648...
2026-05-23 17:23:37,513 [INFO] root: Finished scraping 54185648.
2026-05-23 17:23:47,523 [INFO] root: Scraping 59874367...
2026-05-23 17:23:47,536 [INFO] root: Finished scraping 59874367.
2026-05-23 17:23:57,547 [INFO] root: Scraping 54185676...
2026-05-23 17:23:57,560 [INFO] root: Finished scraping 54185676.
2026-05-23 17:24:07,562 [INFO] root: Scraping 32267141...
2026-05-23 17:24:07,575 [INFO] root: Finished scraping 32267141.
2026-05-23 17:24:17,585 [INFO] root: Scraping 28630035...
2026-05-23 17:24:17,597 [INFO] root: Finished scraping 28630035.
2026-05-23 17:24:27,608 [INFO] root: Scraping 59662524...
2026-05-23 17:24:27,622 [INFO] root: Finished scraping 59662524.
2026-05-23 17:24:37,631 [INFO] root: Scraping 54185648...
2026-05-23 17:24:37,644 [INFO] root: Finished scraping 54185648.
2026-05-23 17:24:47,655 [INFO] root: Scraping 59874367...
2026-05-23 17:24:47,667 [INFO] root: Finished scraping 59874367.
2026-05-23 17:24:57,678 [INFO] root: Scraping 54185676...
2026-05-23 17:24:57,690 [INFO] root: Finished scraping 54185676.
2026-05-23 17:25:07,701 [INFO] root: Scraping 32267141...
2026-05-23 17:25:07,718 [INFO] root: Finished scraping 32267141.
2026-05-23 17:25:17,728 [INFO] root: Scraping 28630035...
2026-05-23 17:25:17,793 [INFO] root: Finished scraping 28630035.
2026-05-23 17:25:27,801 [INFO] root: Scraping 59662524...
2026-05-23 17:25:27,871 [INFO] root: Finished scraping 59662524.
2026-05-23 17:25:37,881 [INFO] root: Scraping 54185648...
2026-05-23 17:25:37,941 [INFO] root: Finished scraping 54185648.
2026-05-23 17:25:47,952 [INFO] root: Scraping 59874367...
2026-05-23 17:25:48,015 [INFO] root: Finished scraping 59874367.
2026-05-23 17:25:58,026 [INFO] root: Scraping 54185676...
2026-05-23 17:25:58,086 [INFO] root: Finished scraping 54185676.
2026-05-23 17:26:08,097 [INFO] root: Scraping 32267141...
2026-05-23 17:26:08,162 [INFO] root: Finished scraping 32267141.
2026-05-23 17:26:18,170 [INFO] root: Scraping 28630035...
2026-05-23 17:26:18,254 [INFO] root: Finished scraping 28630035.
2026-05-23 17:26:28,265 [INFO] root: Scraping 59662524...
2026-05-23 17:26:28,276 [INFO] root: Finished scraping 59662524.
2026-05-23 17:26:38,287 [INFO] root: Scraping 54185648...
2026-05-23 17:26:38,301 [INFO] root: Finished scraping 54185648.
2026-05-23 17:26:48,311 [INFO] root: Scraping 59874367...
2026-05-23 17:26:48,324 [INFO] root: Finished scraping 59874367.
2026-05-23 17:26:58,331 [INFO] root: Scraping 54185676...
2026-05-23 17:26:58,343 [INFO] root: Finished scraping 54185676.
2026-05-23 17:27:08,353 [INFO] root: Scraping 32267141...
2026-05-23 17:27:08,364 [INFO] root: Finished scraping 32267141.
2026-05-23 17:27:18,375 [INFO] root: Scraping 28630035...
2026-05-23 17:27:18,389 [INFO] root: Finished scraping 28630035.
2026-05-23 17:27:28,398 [INFO] root: Scraping 59662524...
2026-05-23 17:27:28,411 [INFO] root: Finished scraping 59662524.
2026-05-23 17:27:38,416 [INFO] root: Scraping 54185648...
2026-05-23 17:27:38,428 [INFO] root: Finished scraping 54185648.
2026-05-23 17:27:48,439 [INFO] root: Scraping 59874367...
2026-05-23 17:27:48,452 [INFO] root: Finished scraping 59874367.
2026-05-23 17:27:58,462 [INFO] root: Scraping 54185676...
2026-05-23 17:27:58,474 [INFO] root: Finished scraping 54185676.
2026-05-23 17:28:08,485 [INFO] root: Scraping 32267141...
2026-05-23 17:28:08,497 [INFO] root: Finished scraping 32267141.
2026-05-23 17:28:18,500 [INFO] root: Scraping 28630035...
2026-05-23 17:28:18,512 [INFO] root: Finished scraping 28630035.
2026-05-23 17:28:28,523 [INFO] root: Scraping 59662524...
2026-05-23 17:28:28,536 [INFO] root: Finished scraping 59662524.
2026-05-23 17:28:38,547 [INFO] root: Scraping 54185648...
2026-05-23 17:28:38,559 [INFO] root: Finished scraping 54185648.
2026-05-23 17:28:48,570 [INFO] root: Scraping 59874367...
2026-05-23 17:28:48,582 [INFO] root: Finished scraping 59874367.
2026-05-23 17:28:58,586 [INFO] root: Scraping 54185676...
2026-05-23 17:28:58,598 [INFO] root: Finished scraping 54185676.
2026-05-23 17:29:08,608 [INFO] root: Scraping 32267141...
2026-05-23 17:29:08,628 [INFO] root: Finished scraping 32267141.
2026-05-23 17:29:18,637 [INFO] root: Scraping 28630035...
2026-05-23 17:29:18,652 [INFO] root: Finished scraping 28630035.
2026-05-23 17:29:28,663 [INFO] root: Scraping 59662524...
2026-05-23 17:29:28,674 [INFO] root: Finished scraping 59662524.
2026-05-23 17:29:38,676 [INFO] root: Scraping 54185648...
2026-05-23 17:29:38,690 [INFO] root: Finished scraping 54185648.
2026-05-23 17:29:48,700 [INFO] root: Scraping 59874367...
2026-05-23 17:29:48,713 [INFO] root: Finished scraping 59874367.
2026-05-23 17:29:58,724 [INFO] root: Scraping 54185676...
2026-05-23 17:29:58,738 [INFO] root: Finished scraping 54185676.
2026-05-23 17:30:08,749 [INFO] root: Scraping 32267141...
2026-05-23 17:30:08,762 [INFO] root: Finished scraping 32267141.
2026-05-23 17:30:18,763 [INFO] root: Scraping 28630035...
2026-05-23 17:30:18,775 [INFO] root: Finished scraping 28630035.
2026-05-23 17:30:28,786 [INFO] root: Scraping 59662524...
2026-05-23 17:30:28,799 [INFO] root: Finished scraping 59662524.
2026-05-23 17:30:38,810 [INFO] root: Scraping 54185648...
2026-05-23 17:30:38,824 [INFO] root: Finished scraping 54185648.
2026-05-23 17:30:48,835 [INFO] root: Scraping 59874367...
2026-05-23 17:30:48,847 [INFO] root: Finished scraping 59874367.
2026-05-23 17:30:58,858 [INFO] root: Scraping 54185676...
2026-05-23 17:30:58,917 [INFO] root: Finished scraping 54185676.
2026-05-23 17:31:08,927 [INFO] root: Scraping 32267141...
2026-05-23 17:31:08,997 [INFO] root: Finished scraping 32267141.
2026-05-23 17:31:19,008 [INFO] root: Scraping 28630035...
2026-05-23 17:31:19,065 [INFO] root: Finished scraping 28630035.
2026-05-23 17:31:29,075 [INFO] root: Scraping 59662524...
2026-05-23 17:31:29,140 [INFO] root: Finished scraping 59662524.
2026-05-23 17:31:39,150 [INFO] root: Scraping 54185648...
2026-05-23 17:31:39,219 [INFO] root: Finished scraping 54185648.
2026-05-23 17:31:49,229 [INFO] root: Scraping 59874367...
2026-05-23 17:31:49,288 [INFO] root: Finished scraping 59874367.
2026-05-23 17:31:59,298 [INFO] root: Scraping 54185676...
2026-05-23 17:31:59,369 [INFO] root: Finished scraping 54185676.
2026-05-23 17:32:09,371 [INFO] root: Scraping 32267141...
2026-05-23 17:32:09,383 [INFO] root: Finished scraping 32267141.
2026-05-23 17:32:19,394 [INFO] root: Scraping 28630035...
2026-05-23 17:32:19,407 [INFO] root: Finished scraping 28630035.
2026-05-23 17:32:29,415 [INFO] root: Scraping 59662524...
2026-05-23 17:32:29,427 [INFO] root: Finished scraping 59662524.
2026-05-23 17:32:39,437 [INFO] root: Scraping 54185648...
2026-05-23 17:32:39,451 [INFO] root: Finished scraping 54185648.
2026-05-23 17:32:49,461 [INFO] root: Scraping 59874367...
2026-05-23 17:32:49,474 [INFO] root: Finished scraping 59874367.
2026-05-23 17:32:59,484 [INFO] root: Scraping 54185676...
2026-05-23 17:32:59,498 [INFO] root: Finished scraping 54185676.
2026-05-23 17:33:09,505 [INFO] root: Scraping 32267141...
2026-05-23 17:33:09,518 [INFO] root: Finished scraping 32267141.
2026-05-23 17:33:19,528 [INFO] root: Scraping 28630035...
2026-05-23 17:33:19,541 [INFO] root: Finished scraping 28630035.
2026-05-23 17:33:29,552 [INFO] root: Scraping 59662524...
2026-05-23 17:33:29,565 [INFO] root: Finished scraping 59662524.
2026-05-23 17:33:39,575 [INFO] root: Scraping 54185648...
2026-05-23 17:33:39,588 [INFO] root: Finished scraping 54185648.
2026-05-23 17:33:49,594 [INFO] root: Scraping 59874367...
2026-05-23 17:33:49,606 [INFO] root: Finished scraping 59874367.
2026-05-23 17:33:59,616 [INFO] root: Scraping 54185676...
2026-05-23 17:33:59,630 [INFO] root: Finished scraping 54185676.
2026-05-23 17:34:09,635 [INFO] root: Scraping 32267141...
2026-05-23 17:34:09,648 [INFO] root: Finished scraping 32267141.
2026-05-23 17:34:19,658 [INFO] root: Scraping 28630035...
2026-05-23 17:34:19,671 [INFO] root: Finished scraping 28630035.
2026-05-23 17:34:29,676 [INFO] root: Scraping 59662524...
2026-05-23 17:34:29,690 [INFO] root: Finished scraping 59662524.
2026-05-23 17:34:39,701 [INFO] root: Scraping 54185648...
2026-05-23 17:34:39,713 [INFO] root: Finished scraping 54185648.
2026-05-23 17:34:49,723 [INFO] root: Scraping 59874367...
2026-05-23 17:34:49,736 [INFO] root: Finished scraping 59874367.
2026-05-23 17:34:59,746 [INFO] root: Scraping 54185676...
2026-05-23 17:34:59,758 [INFO] root: Finished scraping 54185676.
2026-05-23 17:35:09,761 [INFO] root: Scraping 32267141...
2026-05-23 17:35:09,773 [INFO] root: Finished scraping 32267141.
2026-05-23 17:35:19,784 [INFO] root: Scraping 28630035...
2026-05-23 17:35:19,795 [INFO] root: Finished scraping 28630035.
2026-05-23 17:35:29,806 [INFO] root: Scraping 59662524...
2026-05-23 17:35:29,818 [INFO] root: Finished scraping 59662524.
2026-05-23 17:35:39,828 [INFO] root: Scraping 54185648...
2026-05-23 17:35:39,841 [INFO] root: Finished scraping 54185648.
2026-05-23 17:35:49,843 [INFO] root: Scraping 59874367...
2026-05-23 17:35:49,857 [INFO] root: Finished scraping 59874367.
2026-05-23 17:35:59,867 [INFO] root: Scraping 54185676...
2026-05-23 17:35:59,879 [INFO] root: Finished scraping 54185676.
2026-05-23 17:36:09,889 [INFO] root: Scraping 32267141...
2026-05-23 17:36:09,902 [INFO] root: Finished scraping 32267141.
2026-05-23 17:36:19,904 [INFO] root: Scraping 28630035...
2026-05-23 17:36:19,918 [INFO] root: Finished scraping 28630035.
2026-05-23 17:36:29,919 [INFO] root: Scraping 59662524...
2026-05-23 17:36:29,932 [INFO] root: Finished scraping 59662524.
2026-05-23 17:36:39,944 [INFO] root: Scraping 54185648...
2026-05-23 17:36:39,957 [INFO] root: Finished scraping 54185648.
2026-05-23 17:36:49,968 [INFO] root: Scraping 59874367...
2026-05-23 17:36:49,981 [INFO] root: Finished scraping 59874367.
2026-05-23 17:36:59,991 [INFO] root: Scraping 54185676...
2026-05-23 17:37:00,005 [INFO] root: Finished scraping 54185676.
2026-05-23 17:37:10,015 [INFO] root: Scraping 32267141...
2026-05-23 17:37:10,029 [INFO] root: Finished scraping 32267141.
2026-05-23 17:37:20,039 [INFO] root: Scraping 28630035...
2026-05-23 17:37:20,052 [INFO] root: Finished scraping 28630035.
2026-05-23 17:37:30,061 [INFO] root: Scraping 59662524...
2026-05-23 17:37:30,077 [INFO] root: Finished scraping 59662524.
2026-05-23 17:37:40,087 [INFO] root: Scraping 54185648...
2026-05-23 17:37:40,099 [INFO] root: Finished scraping 54185648.
2026-05-23 17:37:50,109 [INFO] root: Scraping 59874367...
2026-05-23 17:37:50,122 [INFO] root: Finished scraping 59874367.
2026-05-23 17:38:00,131 [INFO] root: Scraping 54185676...
2026-05-23 17:38:00,144 [INFO] root: Finished scraping 54185676.
2026-05-23 17:38:10,154 [INFO] root: Scraping 32267141...
2026-05-23 17:38:10,168 [INFO] root: Finished scraping 32267141.
2026-05-23 17:38:20,178 [INFO] root: Scraping 28630035...
2026-05-23 17:38:20,192 [INFO] root: Finished scraping 28630035.
2026-05-23 17:38:30,195 [INFO] root: Scraping 59662524...
2026-05-23 17:38:30,207 [INFO] root: Finished scraping 59662524.
2026-05-23 17:38:40,215 [INFO] root: Scraping 54185648...
2026-05-23 17:38:40,228 [INFO] root: Finished scraping 54185648.
2026-05-23 17:38:50,239 [INFO] root: Scraping 59874367...
2026-05-23 17:38:50,252 [INFO] root: Finished scraping 59874367.
2026-05-23 17:39:00,261 [INFO] root: Scraping 54185676...
2026-05-23 17:39:00,273 [INFO] root: Finished scraping 54185676.
2026-05-23 17:39:10,284 [INFO] root: Scraping 32267141...
2026-05-23 17:39:10,296 [INFO] root: Finished scraping 32267141.
2026-05-23 17:39:20,302 [INFO] root: Scraping 28630035...
2026-05-23 17:39:20,318 [INFO] root: Finished scraping 28630035.
2026-05-23 17:39:30,328 [INFO] root: Scraping 59662524...
2026-05-23 17:39:30,342 [INFO] root: Finished scraping 59662524.
2026-05-23 17:39:40,353 [INFO] root: Scraping 54185648...
2026-05-23 17:39:40,367 [INFO] root: Finished scraping 54185648.
2026-05-23 17:39:50,378 [INFO] root: Scraping 59874367...
2026-05-23 17:39:50,391 [INFO] root: Finished scraping 59874367.
2026-05-23 17:40:00,396 [INFO] root: Scraping 54185676...
2026-05-23 17:40:00,410 [INFO] root: Finished scraping 54185676.
2026-05-23 17:40:10,420 [INFO] root: Scraping 32267141...
2026-05-23 17:40:10,433 [INFO] root: Finished scraping 32267141.
2026-05-23 17:40:20,443 [INFO] root: Scraping 28630035...
2026-05-23 17:40:20,456 [INFO] root: Finished scraping 28630035.
2026-05-23 17:40:30,466 [INFO] root: Scraping 59662524...
2026-05-23 17:40:30,481 [INFO] root: Finished scraping 59662524.
2026-05-23 17:40:40,485 [INFO] root: Scraping 54185648...
2026-05-23 17:40:40,499 [INFO] root: Finished scraping 54185648.
2026-05-23 17:40:50,510 [INFO] root: Scraping 59874367...
2026-05-23 17:40:50,523 [INFO] root: Finished scraping 59874367.
2026-05-23 17:41:00,533 [INFO] root: Scraping 54185676...
2026-05-23 17:41:00,545 [INFO] root: Finished scraping 54185676.
2026-05-23 17:41:10,550 [INFO] root: Scraping 32267141...
2026-05-23 17:41:10,562 [INFO] root: Finished scraping 32267141.
2026-05-23 17:41:20,565 [INFO] root: Scraping 28630035...
2026-05-23 17:41:20,579 [INFO] root: Finished scraping 28630035.
2026-05-23 17:41:30,582 [INFO] root: Scraping 59662524...
2026-05-23 17:41:30,594 [INFO] root: Finished scraping 59662524.
2026-05-23 17:41:40,604 [INFO] root: Scraping 54185648...
2026-05-23 17:41:40,617 [INFO] root: Finished scraping 54185648.
2026-05-23 17:41:50,627 [INFO] root: Scraping 59874367...
2026-05-23 17:41:50,640 [INFO] root: Finished scraping 59874367.
2026-05-23 17:42:00,642 [INFO] root: Scraping 54185676...
2026-05-23 17:42:00,655 [INFO] root: Finished scraping 54185676.
2026-05-23 17:42:10,665 [INFO] root: Scraping 32267141...
2026-05-23 17:42:10,722 [INFO] root: Finished scraping 32267141.
2026-05-23 17:42:20,733 [INFO] root: Scraping 28630035...
2026-05-23 17:42:20,796 [INFO] root: Finished scraping 28630035.
2026-05-23 17:42:30,807 [INFO] root: Scraping 59662524...
2026-05-23 17:42:30,873 [INFO] root: Finished scraping 59662524.
2026-05-23 17:42:40,884 [INFO] root: Scraping 54185648...
2026-05-23 17:42:40,962 [INFO] root: Finished scraping 54185648.
2026-05-23 17:42:50,974 [INFO] root: Scraping 59874367...
2026-05-23 17:42:51,031 [INFO] root: Finished scraping 59874367.
2026-05-23 17:43:01,042 [INFO] root: Scraping 54185676...
2026-05-23 17:43:01,100 [INFO] root: Finished scraping 54185676.
2026-05-23 17:43:11,111 [INFO] root: Scraping 32267141...
2026-05-23 17:43:11,165 [INFO] root: Finished scraping 32267141.
2026-05-23 17:43:21,176 [INFO] root: Scraping 28630035...
2026-05-23 17:43:21,189 [INFO] root: Finished scraping 28630035.
2026-05-23 17:43:31,198 [INFO] root: Scraping 59662524...
2026-05-23 17:43:31,212 [INFO] root: Finished scraping 59662524.
2026-05-23 17:43:41,222 [INFO] root: Scraping 54185648...
2026-05-23 17:43:41,236 [INFO] root: Finished scraping 54185648.
2026-05-23 17:43:51,247 [INFO] root: Scraping 59874367...
2026-05-23 17:43:51,260 [INFO] root: Finished scraping 59874367.
2026-05-23 17:44:01,271 [INFO] root: Scraping 54185676...
2026-05-23 17:44:01,283 [INFO] root: Finished scraping 54185676.
2026-05-23 17:44:11,291 [INFO] root: Scraping 32267141...
2026-05-23 17:44:11,305 [INFO] root: Finished scraping 32267141.
2026-05-23 17:44:21,316 [INFO] root: Scraping 28630035...
2026-05-23 17:44:21,329 [INFO] root: Finished scraping 28630035.
2026-05-23 17:44:31,339 [INFO] root: Scraping 59662524...
2026-05-23 17:44:31,352 [INFO] root: Finished scraping 59662524.
2026-05-23 17:44:41,363 [INFO] root: Scraping 54185648...
2026-05-23 17:44:41,376 [INFO] root: Finished scraping 54185648.
2026-05-23 17:44:51,384 [INFO] root: Scraping 59874367...
2026-05-23 17:44:51,397 [INFO] root: Finished scraping 59874367.
2026-05-23 17:45:01,408 [INFO] root: Scraping 54185676...
2026-05-23 17:45:01,420 [INFO] root: Finished scraping 54185676.
2026-05-23 17:45:11,428 [INFO] root: Scraping 32267141...
2026-05-23 17:45:11,440 [INFO] root: Finished scraping 32267141.
2026-05-23 17:45:21,451 [INFO] root: Scraping 28630035...
2026-05-23 17:45:21,465 [INFO] root: Finished scraping 28630035.
2026-05-23 17:45:31,471 [INFO] root: Scraping 59662524...
2026-05-23 17:45:31,484 [INFO] root: Finished scraping 59662524.
2026-05-23 17:45:41,494 [INFO] root: Scraping 54185648...
2026-05-23 17:45:41,509 [INFO] root: Finished scraping 54185648.
2026-05-23 17:45:51,519 [INFO] root: Scraping 59874367...
2026-05-23 17:45:51,530 [INFO] root: Finished scraping 59874367.
2026-05-23 17:46:01,541 [INFO] root: Scraping 54185676...
2026-05-23 17:46:01,555 [INFO] root: Finished scraping 54185676.
2026-05-23 17:46:11,561 [INFO] root: Scraping 32267141...
2026-05-23 17:46:11,574 [INFO] root: Finished scraping 32267141.
2026-05-23 17:46:21,584 [INFO] root: Scraping 28630035...
2026-05-23 17:46:21,598 [INFO] root: Finished scraping 28630035.
2026-05-23 17:46:31,607 [INFO] root: Scraping 59662524...
2026-05-23 17:46:31,620 [INFO] root: Finished scraping 59662524.
2026-05-23 17:46:41,631 [INFO] root: Scraping 54185648...
2026-05-23 17:46:41,642 [INFO] root: Finished scraping 54185648.
2026-05-23 17:46:51,646 [INFO] root: Scraping 59874367...
2026-05-23 17:46:51,658 [INFO] root: Finished scraping 59874367.
2026-05-23 17:47:01,669 [INFO] root: Scraping 54185676...
2026-05-23 17:47:01,682 [INFO] root: Finished scraping 54185676.
2026-05-23 17:47:11,691 [INFO] root: Scraping 32267141...
2026-05-23 17:47:11,704 [INFO] root: Finished scraping 32267141.
2026-05-23 17:47:21,715 [INFO] root: Scraping 28630035...
2026-05-23 17:47:21,729 [INFO] root: Finished scraping 28630035.
2026-05-23 17:47:31,731 [INFO] root: Scraping 59662524...
2026-05-23 17:47:31,745 [INFO] root: Finished scraping 59662524.
2026-05-23 17:47:41,756 [INFO] root: Scraping 54185648...
2026-05-23 17:47:41,769 [INFO] root: Finished scraping 54185648.
2026-05-23 17:47:51,778 [INFO] root: Scraping 59874367...
2026-05-23 17:47:51,791 [INFO] root: Finished scraping 59874367.
2026-05-23 17:48:01,801 [INFO] root: Scraping 54185676...
2026-05-23 17:48:01,816 [INFO] root: Finished scraping 54185676.
2026-05-23 17:48:11,818 [INFO] root: Scraping 32267141...
2026-05-23 17:48:11,834 [INFO] root: Finished scraping 32267141.
2026-05-23 17:48:21,837 [INFO] root: Scraping 28630035...
2026-05-23 17:48:21,852 [INFO] root: Finished scraping 28630035.
2026-05-23 17:48:31,862 [INFO] root: Scraping 59662524...
2026-05-23 17:48:31,881 [INFO] root: Finished scraping 59662524.
2026-05-23 17:48:41,891 [INFO] root: Scraping 54185648...
2026-05-23 17:48:41,947 [INFO] root: Finished scraping 54185648.
2026-05-23 17:48:51,958 [INFO] root: Scraping 59874367...
2026-05-23 17:48:52,027 [INFO] root: Finished scraping 59874367.
2026-05-23 17:49:02,037 [INFO] root: Scraping 54185676...
2026-05-23 17:49:02,102 [INFO] root: Finished scraping 54185676.
2026-05-23 17:49:12,112 [INFO] root: Scraping 32267141...
2026-05-23 17:49:12,167 [INFO] root: Finished scraping 32267141.
2026-05-23 17:49:22,177 [INFO] root: Scraping 28630035...
2026-05-23 17:49:22,237 [INFO] root: Finished scraping 28630035.
2026-05-23 17:49:32,247 [INFO] root: Scraping 59662524...
2026-05-23 17:49:32,302 [INFO] root: Finished scraping 59662524.
2026-05-23 17:49:42,312 [INFO] root: Scraping 54185648...
2026-05-23 17:49:42,373 [INFO] root: Finished scraping 54185648.
2026-05-23 17:49:52,384 [INFO] root: Scraping 59874367...
2026-05-23 17:49:52,396 [INFO] root: Finished scraping 59874367.
2026-05-23 17:50:02,407 [INFO] root: Scraping 54185676...
2026-05-23 17:50:02,420 [INFO] root: Finished scraping 54185676.
2026-05-23 17:50:12,431 [INFO] root: Scraping 32267141...
2026-05-23 17:50:12,444 [INFO] root: Finished scraping 32267141.
2026-05-23 17:50:22,453 [INFO] root: Scraping 28630035...
2026-05-23 17:50:22,466 [INFO] root: Finished scraping 28630035.
2026-05-23 17:50:32,477 [INFO] root: Scraping 59662524...
2026-05-23 17:50:32,488 [INFO] root: Finished scraping 59662524.
2026-05-23 17:50:42,498 [INFO] root: Scraping 54185648...
2026-05-23 17:50:42,512 [INFO] root: Finished scraping 54185648.
2026-05-23 17:50:52,522 [INFO] root: Scraping 59874367...
2026-05-23 17:50:52,535 [INFO] root: Finished scraping 59874367.
2026-05-23 17:51:02,542 [INFO] root: Scraping 54185676...
2026-05-23 17:51:02,556 [INFO] root: Finished scraping 54185676.
2026-05-23 17:51:12,566 [INFO] root: Scraping 32267141...
2026-05-23 17:51:12,578 [INFO] root: Finished scraping 32267141.
2026-05-23 17:51:22,589 [INFO] root: Scraping 28630035...
2026-05-23 17:51:22,602 [INFO] root: Finished scraping 28630035.
2026-05-23 17:51:32,612 [INFO] root: Scraping 59662524...
2026-05-23 17:51:32,625 [INFO] root: Finished scraping 59662524.
2026-05-23 17:51:42,631 [INFO] root: Scraping 54185648...
2026-05-23 17:51:42,645 [INFO] root: Finished scraping 54185648.
2026-05-23 17:51:52,656 [INFO] root: Scraping 59874367...
2026-05-23 17:51:52,668 [INFO] root: Finished scraping 59874367.
2026-05-23 17:52:02,679 [INFO] root: Scraping 54185676...
2026-05-23 17:52:02,692 [INFO] root: Finished scraping 54185676.
2026-05-23 17:52:12,703 [INFO] root: Scraping 32267141...
2026-05-23 17:52:12,716 [INFO] root: Finished scraping 32267141.
2026-05-23 17:52:22,721 [INFO] root: Scraping 28630035...
2026-05-23 17:52:22,734 [INFO] root: Finished scraping 28630035.
2026-05-23 17:52:32,743 [INFO] root: Scraping 59662524...
2026-05-23 17:52:32,755 [INFO] root: Finished scraping 59662524.
2026-05-23 17:52:42,762 [INFO] root: Scraping 54185648...
2026-05-23 17:52:42,775 [INFO] root: Finished scraping 54185648.
2026-05-23 17:52:52,786 [INFO] root: Scraping 59874367...
2026-05-23 17:52:52,798 [INFO] root: Finished scraping 59874367.
2026-05-23 17:53:02,802 [INFO] root: Scraping 54185676...
2026-05-23 17:53:02,816 [INFO] root: Finished scraping 54185676.
2026-05-23 17:53:12,826 [INFO] root: Scraping 32267141...
2026-05-23 17:53:12,839 [INFO] root: Finished scraping 32267141.
2026-05-23 17:53:22,849 [INFO] root: Scraping 28630035...
2026-05-23 17:53:22,863 [INFO] root: Finished scraping 28630035.
2026-05-23 17:53:32,873 [INFO] root: Scraping 59662524...
2026-05-23 17:53:32,887 [INFO] root: Finished scraping 59662524.
2026-05-23 17:53:42,889 [INFO] root: Scraping 54185648...
2026-05-23 17:53:42,903 [INFO] root: Finished scraping 54185648.
2026-05-23 17:53:52,913 [INFO] root: Scraping 59874367...
2026-05-23 17:53:52,927 [INFO] root: Finished scraping 59874367.
2026-05-23 17:54:02,936 [INFO] root: Scraping 54185676...
2026-05-23 17:54:02,949 [INFO] root: Finished scraping 54185676.
2026-05-23 17:54:12,960 [INFO] root: Scraping 32267141...
2026-05-23 17:54:12,973 [INFO] root: Finished scraping 32267141.
2026-05-23 17:54:22,974 [INFO] root: Scraping 28630035...
2026-05-23 17:54:22,991 [INFO] root: Finished scraping 28630035.
2026-05-23 17:54:33,000 [INFO] root: Scraping 59662524...
2026-05-23 17:54:33,013 [INFO] root: Finished scraping 59662524.
2026-05-23 17:54:43,023 [INFO] root: Scraping 54185648...
2026-05-23 17:54:43,037 [INFO] root: Finished scraping 54185648.
2026-05-23 17:54:53,047 [INFO] root: Scraping 59874367...
2026-05-23 17:54:53,061 [INFO] root: Finished scraping 59874367.
2026-05-23 17:55:03,072 [INFO] root: Scraping 54185676...
2026-05-23 17:55:03,085 [INFO] root: Finished scraping 54185676.
2026-05-23 17:55:13,095 [INFO] root: Scraping 32267141...
2026-05-23 17:55:13,109 [INFO] root: Finished scraping 32267141.
2026-05-23 17:55:23,120 [INFO] root: Scraping 28630035...
2026-05-23 17:55:23,133 [INFO] root: Finished scraping 28630035.
2026-05-23 17:55:33,143 [INFO] root: Scraping 59662524...
2026-05-23 17:55:33,156 [INFO] root: Finished scraping 59662524.
2026-05-23 17:55:43,166 [INFO] root: Scraping 54185648...
2026-05-23 17:55:43,180 [INFO] root: Finished scraping 54185648.
2026-05-23 17:55:53,189 [INFO] root: Scraping 59874367...
2026-05-23 17:55:53,203 [INFO] root: Finished scraping 59874367.
2026-05-23 17:56:03,212 [INFO] root: Scraping 54185676...
2026-05-23 17:56:03,226 [INFO] root: Finished scraping 54185676.
2026-05-23 17:56:13,236 [INFO] root: Scraping 32267141...
2026-05-23 17:56:13,251 [INFO] root: Finished scraping 32267141.
2026-05-23 17:56:23,260 [INFO] root: Scraping 28630035...
2026-05-23 17:56:23,274 [INFO] root: Finished scraping 28630035.
2026-05-23 17:56:33,282 [INFO] root: Scraping 59662524...
2026-05-23 17:56:33,296 [INFO] root: Finished scraping 59662524.
2026-05-23 17:56:43,307 [INFO] root: Scraping 54185648...
2026-05-23 17:56:43,377 [INFO] root: Finished scraping 54185648.
2026-05-23 17:56:53,387 [INFO] root: Scraping 59874367...
2026-05-23 17:56:53,449 [INFO] root: Finished scraping 59874367.
2026-05-23 17:57:03,460 [INFO] root: Scraping 54185676...
2026-05-23 17:57:03,517 [INFO] root: Finished scraping 54185676.
2026-05-23 17:57:13,523 [INFO] root: Scraping 32267141...
2026-05-23 17:57:13,591 [INFO] root: Finished scraping 32267141.
2026-05-23 17:57:23,601 [INFO] root: Scraping 28630035...
2026-05-23 17:57:23,661 [INFO] root: Finished scraping 28630035.
2026-05-23 17:57:33,671 [INFO] root: Scraping 59662524...
2026-05-23 17:57:33,736 [INFO] root: Finished scraping 59662524.
2026-05-23 17:57:43,746 [INFO] root: Scraping 54185648...
2026-05-23 17:57:43,810 [INFO] root: Finished scraping 54185648.
2026-05-23 17:57:53,818 [INFO] root: Scraping 59874367...
2026-05-23 17:57:53,830 [INFO] root: Finished scraping 59874367.
2026-05-23 17:58:03,840 [INFO] root: Scraping 54185676...
2026-05-23 17:58:03,852 [INFO] root: Finished scraping 54185676.
2026-05-23 17:58:13,862 [INFO] root: Scraping 32267141...
2026-05-23 17:58:13,874 [INFO] root: Finished scraping 32267141.
2026-05-23 17:58:23,885 [INFO] root: Scraping 28630035...
2026-05-23 17:58:23,898 [INFO] root: Finished scraping 28630035.
2026-05-23 17:58:33,902 [INFO] root: Scraping 59662524...
2026-05-23 17:58:33,915 [INFO] root: Finished scraping 59662524.
2026-05-23 17:58:43,925 [INFO] root: Scraping 54185648...
2026-05-23 17:58:43,937 [INFO] root: Finished scraping 54185648.
2026-05-23 17:58:53,947 [INFO] root: Scraping 59874367...
2026-05-23 17:58:53,959 [INFO] root: Finished scraping 59874367.
2026-05-23 17:59:03,969 [INFO] root: Scraping 54185676...
2026-05-23 17:59:03,982 [INFO] root: Finished scraping 54185676.
2026-05-23 17:59:13,986 [INFO] root: Scraping 32267141...
2026-05-23 17:59:13,998 [INFO] root: Finished scraping 32267141.
2026-05-23 17:59:24,009 [INFO] root: Scraping 28630035...
2026-05-23 17:59:24,021 [INFO] root: Finished scraping 28630035.
2026-05-23 17:59:34,031 [INFO] root: Scraping 59662524...
2026-05-23 17:59:34,043 [INFO] root: Finished scraping 59662524.
2026-05-23 17:59:44,053 [INFO] root: Scraping 54185648...
2026-05-23 17:59:44,065 [INFO] root: Finished scraping 54185648.
2026-05-23 17:59:54,067 [INFO] root: Scraping 59874367...
2026-05-23 17:59:54,080 [INFO] root: Finished scraping 59874367.
2026-05-23 18:00:04,091 [INFO] root: Scraping 54185676...
2026-05-23 18:00:04,104 [INFO] root: Finished scraping 54185676.
2026-05-23 18:00:14,114 [INFO] root: Scraping 32267141...
2026-05-23 18:00:14,127 [INFO] root: Finished scraping 32267141.
2026-05-23 18:00:24,136 [INFO] root: Scraping 28630035...
2026-05-23 18:00:24,149 [INFO] root: Finished scraping 28630035.
2026-05-23 18:00:34,151 [INFO] root: Scraping 59662524...
2026-05-23 18:00:34,163 [INFO] root: Finished scraping 59662524.
2026-05-23 18:00:44,174 [INFO] root: Scraping 54185648...
2026-05-23 18:00:44,186 [INFO] root: Finished scraping 54185648.
2026-05-23 18:00:54,196 [INFO] root: Scraping 59874367...
2026-05-23 18:00:54,266 [INFO] root: Finished scraping 59874367.
2026-05-23 18:01:04,276 [INFO] root: Scraping 54185676...
2026-05-23 18:01:04,340 [INFO] root: Finished scraping 54185676.
2026-05-23 18:01:14,351 [INFO] root: Scraping 32267141...
2026-05-23 18:01:14,409 [INFO] root: Finished scraping 32267141.
2026-05-23 18:01:24,419 [INFO] root: Scraping 28630035...
2026-05-23 18:01:24,502 [INFO] root: Finished scraping 28630035.
2026-05-23 18:01:34,512 [INFO] root: Scraping 59662524...
2026-05-23 18:01:34,578 [INFO] root: Finished scraping 59662524.
2026-05-23 18:01:44,588 [INFO] root: Scraping 54185648...
2026-05-23 18:01:44,660 [INFO] root: Finished scraping 54185648.
2026-05-23 18:01:54,661 [INFO] root: Scraping 59874367...
2026-05-23 18:01:54,715 [INFO] root: Finished scraping 59874367.
2026-05-23 18:02:04,725 [INFO] root: Scraping 54185676...
2026-05-23 18:02:04,738 [INFO] root: Finished scraping 54185676.
2026-05-23 18:02:14,748 [INFO] root: Scraping 32267141...
2026-05-23 18:02:14,760 [INFO] root: Finished scraping 32267141.
2026-05-23 18:02:24,771 [INFO] root: Scraping 28630035...
2026-05-23 18:02:24,783 [INFO] root: Finished scraping 28630035.
2026-05-23 18:02:34,794 [INFO] root: Scraping 59662524...
2026-05-23 18:02:34,807 [INFO] root: Finished scraping 59662524.
2026-05-23 18:02:44,811 [INFO] root: Scraping 54185648...
2026-05-23 18:02:44,824 [INFO] root: Finished scraping 54185648.
2026-05-23 18:02:54,835 [INFO] root: Scraping 59874367...
2026-05-23 18:02:54,849 [INFO] root: Finished scraping 59874367.
2026-05-23 18:03:04,859 [INFO] root: Scraping 54185676...
2026-05-23 18:03:04,872 [INFO] root: Finished scraping 54185676.
2026-05-23 18:03:14,882 [INFO] root: Scraping 32267141...
2026-05-23 18:03:14,894 [INFO] root: Finished scraping 32267141.
2026-05-23 18:03:24,902 [INFO] root: Scraping 28630035...
2026-05-23 18:03:24,915 [INFO] root: Finished scraping 28630035.
2026-05-23 18:03:34,924 [INFO] root: Scraping 59662524...
2026-05-23 18:03:34,937 [INFO] root: Finished scraping 59662524.
2026-05-23 18:03:44,947 [INFO] root: Scraping 54185648...
2026-05-23 18:03:44,960 [INFO] root: Finished scraping 54185648.
2026-05-23 18:03:54,970 [INFO] root: Scraping 59874367...
2026-05-23 18:03:54,983 [INFO] root: Finished scraping 59874367.
2026-05-23 18:04:04,988 [INFO] root: Scraping 54185676...
2026-05-23 18:04:05,001 [INFO] root: Finished scraping 54185676.
2026-05-23 18:04:15,012 [INFO] root: Scraping 32267141...
2026-05-23 18:04:15,025 [INFO] root: Finished scraping 32267141.
2026-05-23 18:04:25,035 [INFO] root: Scraping 28630035...
2026-05-23 18:04:25,047 [INFO] root: Finished scraping 28630035.
2026-05-23 18:04:35,057 [INFO] root: Scraping 59662524...
2026-05-23 18:04:35,069 [INFO] root: Finished scraping 59662524.
2026-05-23 18:04:45,074 [INFO] root: Scraping 54185648...
2026-05-23 18:04:45,086 [INFO] root: Finished scraping 54185648.
2026-05-23 18:04:55,097 [INFO] root: Scraping 59874367...
2026-05-23 18:04:55,110 [INFO] root: Finished scraping 59874367.
2026-05-23 18:05:05,119 [INFO] root: Scraping 54185676...
2026-05-23 18:05:05,132 [INFO] root: Finished scraping 54185676.
2026-05-23 18:05:15,142 [INFO] root: Scraping 32267141...
2026-05-23 18:05:15,155 [INFO] root: Finished scraping 32267141.
2026-05-23 18:05:25,159 [INFO] root: Scraping 28630035...
2026-05-23 18:05:25,171 [INFO] root: Finished scraping 28630035.
2026-05-23 18:05:35,181 [INFO] root: Scraping 59662524...
2026-05-23 18:05:35,195 [INFO] root: Finished scraping 59662524.
2026-05-23 18:05:45,206 [INFO] root: Scraping 54185648...
2026-05-23 18:05:45,220 [INFO] root: Finished scraping 54185648.
2026-05-23 18:05:55,231 [INFO] root: Scraping 59874367...
2026-05-23 18:05:55,242 [INFO] root: Finished scraping 59874367.
2026-05-23 18:06:05,245 [INFO] root: Scraping 54185676...
2026-05-23 18:06:05,257 [INFO] root: Finished scraping 54185676.
2026-05-23 18:06:15,267 [INFO] root: Scraping 32267141...
2026-05-23 18:06:15,281 [INFO] root: Finished scraping 32267141.
2026-05-23 18:06:25,292 [INFO] root: Scraping 28630035...
2026-05-23 18:06:25,305 [INFO] root: Finished scraping 28630035.
2026-05-23 18:06:35,312 [INFO] root: Scraping 59662524...
2026-05-23 18:06:35,326 [INFO] root: Finished scraping 59662524.
2026-05-23 18:06:45,327 [INFO] root: Scraping 54185648...
2026-05-23 18:06:45,340 [INFO] root: Finished scraping 54185648.
2026-05-23 18:06:55,350 [INFO] root: Scraping 59874367...
2026-05-23 18:06:55,363 [INFO] root: Finished scraping 59874367.
2026-05-23 18:07:05,374 [INFO] root: Scraping 54185676...
2026-05-23 18:07:05,386 [INFO] root: Finished scraping 54185676.
2026-05-23 18:07:15,395 [INFO] root: Scraping 32267141...
2026-05-23 18:07:15,406 [INFO] root: Finished scraping 32267141.
2026-05-23 18:07:25,417 [INFO] root: Scraping 28630035...
2026-05-23 18:07:25,430 [INFO] root: Finished scraping 28630035.
2026-05-23 18:07:35,440 [INFO] root: Scraping 59662524...
2026-05-23 18:07:35,452 [INFO] root: Finished scraping 59662524.
2026-05-23 18:07:45,462 [INFO] root: Scraping 54185648...
2026-05-23 18:07:45,475 [INFO] root: Finished scraping 54185648.
2026-05-23 18:07:55,485 [INFO] root: Scraping 59874367...
2026-05-23 18:07:55,499 [INFO] root: Finished scraping 59874367.
2026-05-23 18:08:05,510 [INFO] root: Scraping 54185676...
2026-05-23 18:08:05,523 [INFO] root: Finished scraping 54185676.
2026-05-23 18:08:15,531 [INFO] root: Scraping 32267141...
2026-05-23 18:08:15,543 [INFO] root: Finished scraping 32267141.
2026-05-23 18:08:25,553 [INFO] root: Scraping 28630035...
2026-05-23 18:08:25,565 [INFO] root: Finished scraping 28630035.
2026-05-23 18:08:35,576 [INFO] root: Scraping 59662524...
2026-05-23 18:08:35,589 [INFO] root: Finished scraping 59662524.
2026-05-23 18:08:45,599 [INFO] root: Scraping 54185648...
2026-05-23 18:08:45,611 [INFO] root: Finished scraping 54185648.
2026-05-23 18:08:55,619 [INFO] root: Scraping 59874367...
2026-05-23 18:08:55,632 [INFO] root: Finished scraping 59874367.
2026-05-23 18:09:05,643 [INFO] root: Scraping 54185676...
2026-05-23 18:09:05,657 [INFO] root: Finished scraping 54185676.
2026-05-23 18:09:15,667 [INFO] root: Scraping 32267141...
2026-05-23 18:09:15,681 [INFO] root: Finished scraping 32267141.
2026-05-23 18:09:25,691 [INFO] root: Scraping 28630035...
2026-05-23 18:09:25,703 [INFO] root: Finished scraping 28630035.
2026-05-23 18:09:35,710 [INFO] root: Scraping 59662524...
2026-05-23 18:09:35,721 [INFO] root: Finished scraping 59662524.
2026-05-23 18:09:45,732 [INFO] root: Scraping 54185648...
2026-05-23 18:09:45,744 [INFO] root: Finished scraping 54185648.
2026-05-23 18:09:55,755 [INFO] root: Scraping 59874367...
2026-05-23 18:09:55,766 [INFO] root: Finished scraping 59874367.
2026-05-23 18:10:05,776 [INFO] root: Scraping 54185676...
2026-05-23 18:10:05,788 [INFO] root: Finished scraping 54185676.
2026-05-23 18:10:15,794 [INFO] root: Scraping 32267141...
2026-05-23 18:10:15,806 [INFO] root: Finished scraping 32267141.
2026-05-23 18:10:25,816 [INFO] root: Scraping 28630035...
2026-05-23 18:10:25,828 [INFO] root: Finished scraping 28630035.
2026-05-23 18:10:35,838 [INFO] root: Scraping 59662524...
2026-05-23 18:10:35,850 [INFO] root: Finished scraping 59662524.
2026-05-23 18:10:45,860 [INFO] root: Scraping 54185648...
2026-05-23 18:10:45,873 [INFO] root: Finished scraping 54185648.
2026-05-23 18:10:55,877 [INFO] root: Scraping 59874367...
2026-05-23 18:10:55,890 [INFO] root: Finished scraping 59874367.
2026-05-23 18:11:05,901 [INFO] root: Scraping 54185676...
2026-05-23 18:11:05,913 [INFO] root: Finished scraping 54185676.
2026-05-23 18:11:15,924 [INFO] root: Scraping 32267141...
2026-05-23 18:11:15,935 [INFO] root: Finished scraping 32267141.
2026-05-23 18:11:25,946 [INFO] root: Scraping 28630035...
2026-05-23 18:11:25,958 [INFO] root: Finished scraping 28630035.
2026-05-23 18:11:35,960 [INFO] root: Scraping 59662524...
2026-05-23 18:11:35,973 [INFO] root: Finished scraping 59662524.
2026-05-23 18:11:45,984 [INFO] root: Scraping 54185648...
2026-05-23 18:11:45,997 [INFO] root: Finished scraping 54185648.
2026-05-23 18:11:56,007 [INFO] root: Scraping 59874367...
2026-05-23 18:11:56,019 [INFO] root: Finished scraping 59874367.
2026-05-23 18:12:06,030 [INFO] root: Scraping 54185676...
2026-05-23 18:12:06,042 [INFO] root: Finished scraping 54185676.
2026-05-23 18:12:16,045 [INFO] root: Scraping 32267141...
2026-05-23 18:12:16,058 [INFO] root: Finished scraping 32267141.
2026-05-23 18:12:26,068 [INFO] root: Scraping 28630035...
2026-05-23 18:12:26,081 [INFO] root: Finished scraping 28630035.
2026-05-23 18:12:36,091 [INFO] root: Scraping 59662524...
2026-05-23 18:12:36,107 [INFO] root: Finished scraping 59662524.
2026-05-23 18:12:46,118 [INFO] root: Scraping 54185648...
2026-05-23 18:12:46,130 [INFO] root: Finished scraping 54185648.
2026-05-23 18:12:56,140 [INFO] root: Scraping 59874367...
2026-05-23 18:12:56,157 [INFO] root: Finished scraping 59874367.
2026-05-23 18:13:06,168 [INFO] root: Scraping 54185676...
2026-05-23 18:13:06,183 [INFO] root: Finished scraping 54185676.
2026-05-23 18:13:16,193 [INFO] root: Scraping 32267141...
2026-05-23 18:13:16,209 [INFO] root: Finished scraping 32267141.
2026-05-23 18:13:26,220 [INFO] root: Scraping 28630035...
2026-05-23 18:13:26,234 [INFO] root: Finished scraping 28630035.
2026-05-23 18:13:36,244 [INFO] root: Scraping 59662524...
2026-05-23 18:13:36,258 [INFO] root: Finished scraping 59662524.
2026-05-23 18:13:46,268 [INFO] root: Scraping 54185648...
2026-05-23 18:13:46,281 [INFO] root: Finished scraping 54185648.
2026-05-23 18:13:56,292 [INFO] root: Scraping 59874367...
2026-05-23 18:13:56,305 [INFO] root: Finished scraping 59874367.
2026-05-23 18:14:06,316 [INFO] root: Scraping 54185676...
2026-05-23 18:14:06,330 [INFO] root: Finished scraping 54185676.
2026-05-23 18:14:16,341 [INFO] root: Scraping 32267141...
2026-05-23 18:14:16,354 [INFO] root: Finished scraping 32267141.
2026-05-23 18:14:26,364 [INFO] root: Scraping 28630035...
2026-05-23 18:14:26,376 [INFO] root: Finished scraping 28630035.
2026-05-23 18:14:36,384 [INFO] root: Scraping 59662524...
2026-05-23 18:14:36,398 [INFO] root: Finished scraping 59662524.
2026-05-23 18:14:46,408 [INFO] root: Scraping 54185648...
2026-05-23 18:14:46,421 [INFO] root: Finished scraping 54185648.
2026-05-23 18:14:56,432 [INFO] root: Scraping 59874367...
2026-05-23 18:14:56,490 [INFO] root: Finished scraping 59874367.
2026-05-23 18:15:06,497 [INFO] root: Scraping 54185676...
2026-05-23 18:15:06,566 [INFO] root: Finished scraping 54185676.
2026-05-23 18:15:16,577 [INFO] root: Scraping 32267141...
2026-05-23 18:15:16,640 [INFO] root: Finished scraping 32267141.
2026-05-23 18:15:26,650 [INFO] root: Scraping 28630035...
2026-05-23 18:15:26,728 [INFO] root: Finished scraping 28630035.
2026-05-23 18:15:36,738 [INFO] root: Scraping 59662524...
2026-05-23 18:15:36,793 [INFO] root: Finished scraping 59662524.
2026-05-23 18:15:46,800 [INFO] root: Scraping 54185648...
2026-05-23 18:15:46,862 [INFO] root: Finished scraping 54185648.
2026-05-23 18:15:56,873 [INFO] root: Scraping 59874367...
2026-05-23 18:15:56,934 [INFO] root: Finished scraping 59874367.
2026-05-23 18:16:06,944 [INFO] root: Scraping 54185676...
2026-05-23 18:16:06,957 [INFO] root: Finished scraping 54185676.
2026-05-23 18:16:16,967 [INFO] root: Scraping 32267141...
2026-05-23 18:16:16,982 [INFO] root: Finished scraping 32267141.
2026-05-23 18:16:26,987 [INFO] root: Scraping 28630035...
2026-05-23 18:16:27,000 [INFO] root: Finished scraping 28630035.
2026-05-23 18:16:37,011 [INFO] root: Scraping 59662524...
2026-05-23 18:16:37,024 [INFO] root: Finished scraping 59662524.
2026-05-23 18:16:47,026 [INFO] root: Scraping 54185648...
2026-05-23 18:16:47,040 [INFO] root: Finished scraping 54185648.
2026-05-23 18:16:57,046 [INFO] root: Scraping 59874367...
2026-05-23 18:16:57,059 [INFO] root: Finished scraping 59874367.
2026-05-23 18:17:07,064 [INFO] root: Scraping 54185676...
2026-05-23 18:17:07,075 [INFO] root: Finished scraping 54185676.
2026-05-23 18:17:17,085 [INFO] root: Scraping 32267141...
2026-05-23 18:17:17,099 [INFO] root: Finished scraping 32267141.
2026-05-23 18:17:27,109 [INFO] root: Scraping 28630035...
2026-05-23 18:17:27,121 [INFO] root: Finished scraping 28630035.
2026-05-23 18:17:37,131 [INFO] root: Scraping 59662524...
2026-05-23 18:17:37,144 [INFO] root: Finished scraping 59662524.
2026-05-23 18:17:47,147 [INFO] root: Scraping 54185648...
2026-05-23 18:17:47,160 [INFO] root: Finished scraping 54185648.
2026-05-23 18:17:57,170 [INFO] root: Scraping 59874367...
2026-05-23 18:17:57,184 [INFO] root: Finished scraping 59874367.
2026-05-23 18:18:07,194 [INFO] root: Scraping 54185676...
2026-05-23 18:18:07,208 [INFO] root: Finished scraping 54185676.
2026-05-23 18:18:17,219 [INFO] root: Scraping 32267141...
2026-05-23 18:18:17,233 [INFO] root: Finished scraping 32267141.
2026-05-23 18:18:27,236 [INFO] root: Scraping 28630035...
2026-05-23 18:18:27,249 [INFO] root: Finished scraping 28630035.
2026-05-23 18:18:37,259 [INFO] root: Scraping 59662524...
2026-05-23 18:18:37,272 [INFO] root: Finished scraping 59662524.
2026-05-23 18:18:47,282 [INFO] root: Scraping 54185648...
2026-05-23 18:18:47,294 [INFO] root: Finished scraping 54185648.
2026-05-23 18:18:57,304 [INFO] root: Scraping 59874367...
2026-05-23 18:18:57,316 [INFO] root: Finished scraping 59874367.
2026-05-23 18:19:07,326 [INFO] root: Scraping 54185676...
2026-05-23 18:19:07,338 [INFO] root: Finished scraping 54185676.
2026-05-23 18:19:17,350 [INFO] root: Scraping 32267141...
2026-05-23 18:19:17,413 [INFO] root: Finished scraping 32267141.
2026-05-23 18:19:27,424 [INFO] root: Scraping 28630035...
2026-05-23 18:19:27,487 [INFO] root: Finished scraping 28630035.
2026-05-23 18:19:37,497 [INFO] root: Scraping 59662524...
2026-05-23 18:19:37,560 [INFO] root: Finished scraping 59662524.
2026-05-23 18:19:47,570 [INFO] root: Scraping 54185648...
2026-05-23 18:19:47,625 [INFO] root: Finished scraping 54185648.
2026-05-23 18:19:57,636 [INFO] root: Scraping 59874367...
2026-05-23 18:19:57,700 [INFO] root: Finished scraping 59874367.
2026-05-23 18:20:07,710 [INFO] root: Scraping 54185676...
2026-05-23 18:20:07,774 [INFO] root: Finished scraping 54185676.
2026-05-23 18:20:17,784 [INFO] root: Scraping 32267141...
2026-05-23 18:20:17,839 [INFO] root: Finished scraping 32267141.
2026-05-23 18:20:27,849 [INFO] root: Scraping 28630035...
2026-05-23 18:20:27,862 [INFO] root: Finished scraping 28630035.
2026-05-23 18:20:37,872 [INFO] root: Scraping 59662524...
2026-05-23 18:20:37,884 [INFO] root: Finished scraping 59662524.
2026-05-23 18:20:47,895 [INFO] root: Scraping 54185648...
2026-05-23 18:20:47,907 [INFO] root: Finished scraping 54185648.
2026-05-23 18:20:57,918 [INFO] root: Scraping 59874367...
2026-05-23 18:20:57,930 [INFO] root: Finished scraping 59874367.
2026-05-23 18:21:07,941 [INFO] root: Scraping 54185676...
2026-05-23 18:21:07,955 [INFO] root: Finished scraping 54185676.
2026-05-23 18:21:17,964 [INFO] root: Scraping 32267141...
2026-05-23 18:21:17,977 [INFO] root: Finished scraping 32267141.
2026-05-23 18:21:27,988 [INFO] root: Scraping 28630035...
2026-05-23 18:21:27,999 [INFO] root: Finished scraping 28630035.
2026-05-23 18:21:38,010 [INFO] root: Scraping 59662524...
2026-05-23 18:21:38,024 [INFO] root: Finished scraping 59662524.
2026-05-23 18:21:48,034 [INFO] root: Scraping 54185648...
2026-05-23 18:21:48,046 [INFO] root: Finished scraping 54185648.
2026-05-23 18:21:58,052 [INFO] root: Scraping 59874367...
2026-05-23 18:21:58,065 [INFO] root: Finished scraping 59874367.
2026-05-23 18:22:08,076 [INFO] root: Scraping 54185676...
2026-05-23 18:22:08,089 [INFO] root: Finished scraping 54185676.
2026-05-23 18:22:18,099 [INFO] root: Scraping 32267141...
2026-05-23 18:22:18,112 [INFO] root: Finished scraping 32267141.
2026-05-23 18:22:28,123 [INFO] root: Scraping 28630035...
2026-05-23 18:22:28,136 [INFO] root: Finished scraping 28630035.
2026-05-23 18:22:38,141 [INFO] root: Scraping 59662524...
2026-05-23 18:22:38,152 [INFO] root: Finished scraping 59662524.
2026-05-23 18:22:48,163 [INFO] root: Scraping 54185648...
2026-05-23 18:22:48,176 [INFO] root: Finished scraping 54185648.
2026-05-23 18:22:58,185 [INFO] root: Scraping 59874367...
2026-05-23 18:22:58,198 [INFO] root: Finished scraping 59874367.
2026-05-23 18:23:08,209 [INFO] root: Scraping 54185676...
2026-05-23 18:23:08,221 [INFO] root: Finished scraping 54185676.
2026-05-23 18:23:18,225 [INFO] root: Scraping 32267141...
2026-05-23 18:23:18,238 [INFO] root: Finished scraping 32267141.
2026-05-23 18:23:28,248 [INFO] root: Scraping 28630035...
2026-05-23 18:23:28,260 [INFO] root: Finished scraping 28630035.
2026-05-23 18:23:38,271 [INFO] root: Scraping 59662524...
2026-05-23 18:23:38,283 [INFO] root: Finished scraping 59662524.
2026-05-23 18:23:48,293 [INFO] root: Scraping 54185648...
2026-05-23 18:23:48,305 [INFO] root: Finished scraping 54185648.
2026-05-23 18:23:58,309 [INFO] root: Scraping 59874367...
2026-05-23 18:23:58,321 [INFO] root: Finished scraping 59874367.
2026-05-23 18:24:08,332 [INFO] root: Scraping 54185676...
2026-05-23 18:24:08,344 [INFO] root: Finished scraping 54185676.
2026-05-23 18:24:18,354 [INFO] root: Scraping 32267141...
2026-05-23 18:24:18,367 [INFO] root: Finished scraping 32267141.
2026-05-23 18:24:28,377 [INFO] root: Scraping 28630035...
2026-05-23 18:24:28,389 [INFO] root: Finished scraping 28630035.
2026-05-23 18:24:38,392 [INFO] root: Scraping 59662524...
2026-05-23 18:24:38,404 [INFO] root: Finished scraping 59662524.
2026-05-23 18:24:48,413 [INFO] root: Scraping 54185648...
2026-05-23 18:24:48,426 [INFO] root: Finished scraping 54185648.
2026-05-23 18:24:58,437 [INFO] root: Scraping 59874367...
2026-05-23 18:24:58,450 [INFO] root: Finished scraping 59874367.
2026-05-23 18:25:08,459 [INFO] root: Scraping 54185676...
2026-05-23 18:25:08,476 [INFO] root: Finished scraping 54185676.
2026-05-23 18:25:18,486 [INFO] root: Scraping 32267141...
2026-05-23 18:25:18,543 [INFO] root: Finished scraping 32267141.
2026-05-23 18:25:28,554 [INFO] root: Scraping 28630035...
2026-05-23 18:25:28,613 [INFO] root: Finished scraping 28630035.
2026-05-23 18:25:38,624 [INFO] root: Scraping 59662524...
2026-05-23 18:25:38,674 [INFO] root: Finished scraping 59662524.
2026-05-23 18:25:48,685 [INFO] root: Scraping 54185648...
2026-05-23 18:25:48,769 [INFO] root: Finished scraping 54185648.
2026-05-23 18:25:58,779 [INFO] root: Scraping 59874367...
2026-05-23 18:25:58,833 [INFO] root: Finished scraping 59874367.
2026-05-23 18:26:08,843 [INFO] root: Scraping 54185676...
2026-05-23 18:26:08,909 [INFO] root: Finished scraping 54185676.
2026-05-23 18:26:18,919 [INFO] root: Scraping 32267141...
2026-05-23 18:26:18,987 [INFO] root: Finished scraping 32267141.
2026-05-23 18:26:28,997 [INFO] root: Scraping 28630035...
2026-05-23 18:26:29,011 [INFO] root: Finished scraping 28630035.
2026-05-23 18:26:39,022 [INFO] root: Scraping 59662524...
2026-05-23 18:26:39,034 [INFO] root: Finished scraping 59662524.
2026-05-23 18:26:49,043 [INFO] root: Scraping 54185648...
2026-05-23 18:26:49,057 [INFO] root: Finished scraping 54185648.
2026-05-23 18:26:59,063 [INFO] root: Scraping 59874367...
2026-05-23 18:26:59,075 [INFO] root: Finished scraping 59874367.
2026-05-23 18:27:09,086 [INFO] root: Scraping 54185676...
2026-05-23 18:27:09,097 [INFO] root: Finished scraping 54185676.
2026-05-23 18:27:19,108 [INFO] root: Scraping 32267141...
2026-05-23 18:27:19,119 [INFO] root: Finished scraping 32267141.
2026-05-23 18:27:29,126 [INFO] root: Scraping 28630035...
2026-05-23 18:27:29,138 [INFO] root: Finished scraping 28630035.
2026-05-23 18:27:39,148 [INFO] root: Scraping 59662524...
2026-05-23 18:27:39,161 [INFO] root: Finished scraping 59662524.
2026-05-23 18:27:49,171 [INFO] root: Scraping 54185648...
2026-05-23 18:27:49,184 [INFO] root: Finished scraping 54185648.
2026-05-23 18:27:59,188 [INFO] root: Scraping 59874367...
2026-05-23 18:27:59,201 [INFO] root: Finished scraping 59874367.
2026-05-23 18:28:09,208 [INFO] root: Scraping 54185676...
2026-05-23 18:28:09,222 [INFO] root: Finished scraping 54185676.
2026-05-23 18:28:19,232 [INFO] root: Scraping 32267141...
2026-05-23 18:28:19,243 [INFO] root: Finished scraping 32267141.
2026-05-23 18:28:29,253 [INFO] root: Scraping 28630035...
2026-05-23 18:28:29,265 [INFO] root: Finished scraping 28630035.
2026-05-23 18:28:39,276 [INFO] root: Scraping 59662524...
2026-05-23 18:28:39,289 [INFO] root: Finished scraping 59662524.
2026-05-23 18:28:49,294 [INFO] root: Scraping 54185648...
2026-05-23 18:28:49,306 [INFO] root: Finished scraping 54185648.
2026-05-23 18:28:59,310 [INFO] root: Scraping 59874367...
2026-05-23 18:28:59,323 [INFO] root: Finished scraping 59874367.
2026-05-23 18:29:09,333 [INFO] root: Scraping 54185676...
2026-05-23 18:29:09,346 [INFO] root: Finished scraping 54185676.
2026-05-23 18:29:19,357 [INFO] root: Scraping 32267141...
2026-05-23 18:29:19,368 [INFO] root: Finished scraping 32267141.
2026-05-23 18:29:29,372 [INFO] root: Scraping 28630035...
2026-05-23 18:29:29,384 [INFO] root: Finished scraping 28630035.
2026-05-23 18:29:39,395 [INFO] root: Scraping 59662524...
2026-05-23 18:29:39,407 [INFO] root: Finished scraping 59662524.
2026-05-23 18:29:49,418 [INFO] root: Scraping 54185648...
2026-05-23 18:29:49,430 [INFO] root: Finished scraping 54185648.
2026-05-23 18:29:59,440 [INFO] root: Scraping 59874367...
2026-05-23 18:29:59,452 [INFO] root: Finished scraping 59874367.
2026-05-23 18:30:09,454 [INFO] root: Scraping 54185676...
2026-05-23 18:30:09,466 [INFO] root: Finished scraping 54185676.
2026-05-23 18:30:19,477 [INFO] root: Scraping 32267141...
2026-05-23 18:30:19,489 [INFO] root: Finished scraping 32267141.
2026-05-23 18:30:29,499 [INFO] root: Scraping 28630035...
2026-05-23 18:30:29,511 [INFO] root: Finished scraping 28630035.
2026-05-23 18:30:39,521 [INFO] root: Scraping 59662524...
2026-05-23 18:30:39,534 [INFO] root: Finished scraping 59662524.
2026-05-23 18:30:49,537 [INFO] root: Scraping 54185648...
2026-05-23 18:30:49,550 [INFO] root: Finished scraping 54185648.
2026-05-23 18:30:59,560 [INFO] root: Scraping 59874367...
2026-05-23 18:30:59,573 [INFO] root: Finished scraping 59874367.
2026-05-23 18:31:09,581 [INFO] root: Scraping 54185676...
2026-05-23 18:31:09,593 [INFO] root: Finished scraping 54185676.
2026-05-23 18:31:19,594 [INFO] root: Scraping 32267141...
2026-05-23 18:31:19,607 [INFO] root: Finished scraping 32267141.
2026-05-23 18:31:29,616 [INFO] root: Scraping 28630035...
2026-05-23 18:31:29,628 [INFO] root: Finished scraping 28630035.
2026-05-23 18:31:39,640 [INFO] root: Scraping 59662524...
2026-05-23 18:31:39,653 [INFO] root: Finished scraping 59662524.
2026-05-23 18:31:49,663 [INFO] root: Scraping 54185648...
2026-05-23 18:31:49,679 [INFO] root: Finished scraping 54185648.
2026-05-23 18:31:59,690 [INFO] root: Scraping 59874367...
2026-05-23 18:31:59,702 [INFO] root: Finished scraping 59874367.
2026-05-23 18:32:09,703 [INFO] root: Scraping 54185676...
2026-05-23 18:32:09,715 [INFO] root: Finished scraping 54185676.
2026-05-23 18:32:19,725 [INFO] root: Scraping 32267141...
2026-05-23 18:32:19,737 [INFO] root: Finished scraping 32267141.
2026-05-23 18:32:29,748 [INFO] root: Scraping 28630035...
2026-05-23 18:32:29,760 [INFO] root: Finished scraping 28630035.
2026-05-23 18:32:39,770 [INFO] root: Scraping 59662524...
2026-05-23 18:32:39,783 [INFO] root: Finished scraping 59662524.
2026-05-23 18:32:49,793 [INFO] root: Scraping 54185648...
2026-05-23 18:32:49,806 [INFO] root: Finished scraping 54185648.
2026-05-23 18:32:59,814 [INFO] root: Scraping 59874367...
2026-05-23 18:32:59,828 [INFO] root: Finished scraping 59874367.
2026-05-23 18:33:09,839 [INFO] root: Scraping 54185676...
2026-05-23 18:33:09,859 [INFO] root: Finished scraping 54185676.
2026-05-23 18:33:19,869 [INFO] root: Scraping 32267141...
2026-05-23 18:33:19,881 [INFO] root: Finished scraping 32267141.
2026-05-23 18:33:29,891 [INFO] root: Scraping 28630035...
2026-05-23 18:33:29,953 [INFO] root: Finished scraping 28630035.
2026-05-23 18:33:39,960 [INFO] root: Scraping 59662524...
2026-05-23 18:33:40,025 [INFO] root: Finished scraping 59662524.
2026-05-23 18:33:50,035 [INFO] root: Scraping 54185648...
2026-05-23 18:33:50,093 [INFO] root: Finished scraping 54185648.
2026-05-23 18:34:00,103 [INFO] root: Scraping 59874367...
2026-05-23 18:34:00,167 [INFO] root: Finished scraping 59874367.
2026-05-23 18:34:10,177 [INFO] root: Scraping 54185676...
2026-05-23 18:34:10,241 [INFO] root: Finished scraping 54185676.
2026-05-23 18:34:20,247 [INFO] root: Scraping 32267141...
2026-05-23 18:34:20,307 [INFO] root: Finished scraping 32267141.
2026-05-23 18:34:30,316 [INFO] root: Scraping 28630035...
2026-05-23 18:34:30,378 [INFO] root: Finished scraping 28630035.
2026-05-23 18:34:40,389 [INFO] root: Scraping 59662524...
2026-05-23 18:34:40,401 [INFO] root: Finished scraping 59662524.
2026-05-23 18:34:50,412 [INFO] root: Scraping 54185648...
2026-05-23 18:34:50,424 [INFO] root: Finished scraping 54185648.
2026-05-23 18:35:00,431 [INFO] root: Scraping 59874367...
2026-05-23 18:35:00,445 [INFO] root: Finished scraping 59874367.
